<?xml version="1.0" encoding="UTF-8"?>
<testng-results skipped="0" failed="0" total="4" passed="4">
  <reporter-output>
  </reporter-output>
  <suite name="Default suite" duration-ms="47609" started-at="2017-01-29T04:33:41Z" finished-at="2017-01-29T04:34:29Z">
    <groups>
    </groups>
    <test name="Default test" duration-ms="47609" started-at="2017-01-29T04:33:41Z" finished-at="2017-01-29T04:34:29Z">
      <class name="org.hcl.testcases.TC_001_Login_ValidCredentials">
        <test-method status="PASS" signature="createDriver()[pri:0, instance:org.hcl.testcases.TC_001_Login_ValidCredentials@6bdf28bb]" name="createDriver" is-config="true" duration-ms="11148" started-at="2017-01-29T10:03:42Z" finished-at="2017-01-29T10:03:53Z">
          <reporter-output>
          </reporter-output>
        </test-method> <!-- createDriver -->
        <test-method status="PASS" signature="loginWithValidCredentials(java.lang.String, java.lang.String)[pri:0, instance:org.hcl.testcases.TC_001_Login_ValidCredentials@6bdf28bb]" name="loginWithValidCredentials" duration-ms="236" started-at="2017-01-29T10:03:53Z" data-provider="dp2" finished-at="2017-01-29T10:03:54Z">
          <params>
            <param index="0">
              <value>
                <![CDATA[uname1]]>
              </value>
            </param>
            <param index="1">
              <value>
                <![CDATA[pass1]]>
              </value>
            </param>
          </params>
          <reporter-output>
          </reporter-output>
        </test-method> <!-- loginWithValidCredentials -->
        <test-method status="PASS" signature="stopDriver()[pri:0, instance:org.hcl.testcases.TC_001_Login_ValidCredentials@6bdf28bb]" name="stopDriver" is-config="true" duration-ms="965" started-at="2017-01-29T10:03:54Z" finished-at="2017-01-29T10:03:55Z">
          <reporter-output>
          </reporter-output>
        </test-method> <!-- stopDriver -->
        <test-method status="PASS" signature="createDriver()[pri:0, instance:org.hcl.testcases.TC_001_Login_ValidCredentials@6bdf28bb]" name="createDriver" is-config="true" duration-ms="10416" started-at="2017-01-29T10:03:55Z" finished-at="2017-01-29T10:04:05Z">
          <reporter-output>
          </reporter-output>
        </test-method> <!-- createDriver -->
        <test-method status="PASS" signature="loginWithValidCredentials(java.lang.String, java.lang.String)[pri:0, instance:org.hcl.testcases.TC_001_Login_ValidCredentials@6bdf28bb]" name="loginWithValidCredentials" duration-ms="217" started-at="2017-01-29T10:04:05Z" data-provider="dp2" finished-at="2017-01-29T10:04:05Z">
          <params>
            <param index="0">
              <value>
                <![CDATA[uname2]]>
              </value>
            </param>
            <param index="1">
              <value>
                <![CDATA[pass2]]>
              </value>
            </param>
          </params>
          <reporter-output>
          </reporter-output>
        </test-method> <!-- loginWithValidCredentials -->
        <test-method status="PASS" signature="stopDriver()[pri:0, instance:org.hcl.testcases.TC_001_Login_ValidCredentials@6bdf28bb]" name="stopDriver" is-config="true" duration-ms="873" started-at="2017-01-29T10:04:05Z" finished-at="2017-01-29T10:04:06Z">
          <reporter-output>
          </reporter-output>
        </test-method> <!-- stopDriver -->
        <test-method status="PASS" signature="createDriver()[pri:0, instance:org.hcl.testcases.TC_001_Login_ValidCredentials@6bdf28bb]" name="createDriver" is-config="true" duration-ms="10430" started-at="2017-01-29T10:04:06Z" finished-at="2017-01-29T10:04:17Z">
          <reporter-output>
          </reporter-output>
        </test-method> <!-- createDriver -->
        <test-method status="PASS" signature="loginWithValidCredentials(java.lang.String, java.lang.String)[pri:0, instance:org.hcl.testcases.TC_001_Login_ValidCredentials@6bdf28bb]" name="loginWithValidCredentials" duration-ms="190" started-at="2017-01-29T10:04:17Z" data-provider="dp2" finished-at="2017-01-29T10:04:17Z">
          <params>
            <param index="0">
              <value>
                <![CDATA[uname3]]>
              </value>
            </param>
            <param index="1">
              <value>
                <![CDATA[pass3]]>
              </value>
            </param>
          </params>
          <reporter-output>
          </reporter-output>
        </test-method> <!-- loginWithValidCredentials -->
        <test-method status="PASS" signature="stopDriver()[pri:0, instance:org.hcl.testcases.TC_001_Login_ValidCredentials@6bdf28bb]" name="stopDriver" is-config="true" duration-ms="764" started-at="2017-01-29T10:04:17Z" finished-at="2017-01-29T10:04:17Z">
          <reporter-output>
          </reporter-output>
        </test-method> <!-- stopDriver -->
        <test-method status="PASS" signature="createDriver()[pri:0, instance:org.hcl.testcases.TC_001_Login_ValidCredentials@6bdf28bb]" name="createDriver" is-config="true" duration-ms="10011" started-at="2017-01-29T10:04:17Z" finished-at="2017-01-29T10:04:28Z">
          <reporter-output>
          </reporter-output>
        </test-method> <!-- createDriver -->
        <test-method status="PASS" signature="loginWithValidCredentials(java.lang.String, java.lang.String)[pri:0, instance:org.hcl.testcases.TC_001_Login_ValidCredentials@6bdf28bb]" name="loginWithValidCredentials" duration-ms="275" started-at="2017-01-29T10:04:28Z" data-provider="dp2" finished-at="2017-01-29T10:04:28Z">
          <params>
            <param index="0">
              <value>
                <![CDATA[uanme4]]>
              </value>
            </param>
            <param index="1">
              <value>
                <![CDATA[pass4]]>
              </value>
            </param>
          </params>
          <reporter-output>
          </reporter-output>
        </test-method> <!-- loginWithValidCredentials -->
        <test-method status="PASS" signature="stopDriver()[pri:0, instance:org.hcl.testcases.TC_001_Login_ValidCredentials@6bdf28bb]" name="stopDriver" is-config="true" duration-ms="736" started-at="2017-01-29T10:04:28Z" finished-at="2017-01-29T10:04:29Z">
          <reporter-output>
          </reporter-output>
        </test-method> <!-- stopDriver -->
      </class> <!-- org.hcl.testcases.TC_001_Login_ValidCredentials -->
    </test> <!-- Default test -->
  </suite> <!-- Default suite -->
</testng-results>
