<?xml version="1.0" encoding="UTF-8"?>
<!-- Generated by org.testng.reporters.JUnitXMLReporter -->
<testsuite hostname="TestingWorld-PC" name="Default test" tests="4" failures="0" timestamp="29 Jan 2017 04:34:29 GMT" time="47.609" errors="0">
  <testcase name="loginWithValidCredentials" time="0.236" classname="org.hcl.testcases.TC_001_Login_ValidCredentials"/>
  <testcase name="loginWithValidCredentials" time="0.217" classname="org.hcl.testcases.TC_001_Login_ValidCredentials"/>
  <testcase name="loginWithValidCredentials" time="0.19" classname="org.hcl.testcases.TC_001_Login_ValidCredentials"/>
  <testcase name="loginWithValidCredentials" time="0.275" classname="org.hcl.testcases.TC_001_Login_ValidCredentials"/>
</testsuite> <!-- Default test -->
